0 info it worked if it ends with ok
1 verbose cli [ '/Users/urosnikolic/.nvm/versions/node/v6.11.5/bin/node',
1 verbose cli   '/Users/urosnikolic/.nvm/versions/node/v6.11.5/bin/npm',
1 verbose cli   'start' ]
2 info using npm@3.10.10
3 info using node@v6.11.5
4 verbose run-script [ 'prestart', 'start', 'poststart' ]
5 info lifecycle simple-file-browser@1.0.0~prestart: simple-file-browser@1.0.0
6 silly lifecycle simple-file-browser@1.0.0~prestart: no script for prestart, continuing
7 info lifecycle simple-file-browser@1.0.0~start: simple-file-browser@1.0.0
8 verbose lifecycle simple-file-browser@1.0.0~start: unsafe-perm in lifecycle true
9 verbose lifecycle simple-file-browser@1.0.0~start: PATH: /Users/urosnikolic/.nvm/versions/node/v6.11.5/lib/node_modules/npm/bin/node-gyp-bin:/Users/urosnikolic/Projects/cod34fun/simple-file-browser/node_modules/.bin:/usr/local/opt/qt@5.5
9 verbose lifecycle export PATH=/bin:/Users/urosnikolic/.rvm/gems/ruby-2.4.1/bin:/Users/urosnikolic/.rvm/gems/ruby-2.4.1@global/bin:/Users/urosnikolic/.rvm/rubies/ruby-2.4.1/bin:/Users/urosnikolic/.nvm/versions/node/v6.11.5/bin:/usr/local/bin:/usr/bin:/bin:/usr/sbin:/sbin:/usr/local/go/bin:/Users/urosnikolic/.rvm/bin
9 verbose lifecycle export MYSQL_HOME=/usr/local/opt/mysql@5.6/bin:/bin:/Users/urosnikolic/.rvm/gems/ruby-2.4.1/bin:/Users/urosnikolic/.rvm/gems/ruby-2.4.1@global/bin:/Users/urosnikolic/.rvm/rubies/ruby-2.4.1/bin:/Users/urosnikolic/.nvm/versions/node/v6.11.5/bin:/usr/local/bin:/usr/bin:/bin:/usr/sbin:/sbin:/usr/local/go/bin:/Users/urosnikolic/.rvm/bin:/Users/urosnikolic/Projects/go/bin:/usr/local/sbin
10 verbose lifecycle simple-file-browser@1.0.0~start: CWD: /Users/urosnikolic/Projects/cod34fun/simple-file-browser
11 silly lifecycle simple-file-browser@1.0.0~start: Args: [ '-c', 'node .' ]
12 silly lifecycle simple-file-browser@1.0.0~start: Returned: code: 1  signal: null
13 info lifecycle simple-file-browser@1.0.0~start: Failed to exec start script
14 verbose stack Error: simple-file-browser@1.0.0 start: `node .`
14 verbose stack Exit status 1
14 verbose stack     at EventEmitter.<anonymous> (/Users/urosnikolic/.nvm/versions/node/v6.11.5/lib/node_modules/npm/lib/utils/lifecycle.js:255:16)
14 verbose stack     at emitTwo (events.js:106:13)
14 verbose stack     at EventEmitter.emit (events.js:191:7)
14 verbose stack     at ChildProcess.<anonymous> (/Users/urosnikolic/.nvm/versions/node/v6.11.5/lib/node_modules/npm/lib/utils/spawn.js:40:14)
14 verbose stack     at emitTwo (events.js:106:13)
14 verbose stack     at ChildProcess.emit (events.js:191:7)
14 verbose stack     at maybeClose (internal/child_process.js:920:16)
14 verbose stack     at Process.ChildProcess._handle.onexit (internal/child_process.js:230:5)
15 verbose pkgid simple-file-browser@1.0.0
16 verbose cwd /Users/urosnikolic/Projects/cod34fun/simple-file-browser
17 error Darwin 17.5.0
18 error argv "/Users/urosnikolic/.nvm/versions/node/v6.11.5/bin/node" "/Users/urosnikolic/.nvm/versions/node/v6.11.5/bin/npm" "start"
19 error node v6.11.5
20 error npm  v3.10.10
21 error code ELIFECYCLE
22 error simple-file-browser@1.0.0 start: `node .`
22 error Exit status 1
23 error Failed at the simple-file-browser@1.0.0 start script 'node .'.
23 error Make sure you have the latest version of node.js and npm installed.
23 error If you do, this is most likely a problem with the simple-file-browser package,
23 error not with npm itself.
23 error Tell the author that this fails on your system:
23 error     node .
23 error You can get information on how to open an issue for this project with:
23 error     npm bugs simple-file-browser
23 error Or if that isn't available, you can get their info via:
23 error     npm owner ls simple-file-browser
23 error There is likely additional logging output above.
24 verbose exit [ 1, true ]
